<?xml version="1.0" encoding="UTF-8"?>
<!-- Generated by org.testng.reporters.JUnitReportReporter -->
<testsuite hostname="LAPTOP-S2V733QP" failures="0" tests="2" name="TestNGMultipleClassRunPractice.PracticeDay1" time="36.592" errors="0" timestamp="2021-04-27T13:01:52 EDT" skipped="0">
  <testcase classname="TestNGMultipleClassRunPractice.PracticeDay1" name="f" time="18.254"/>
  <system-out/>
  <testcase classname="TestNGMultipleClassRunPractice.PracticeDay1" name="f" time="18.338"/>
  <system-out/>
</testsuite> <!-- TestNGMultipleClassRunPractice.PracticeDay1 -->
