<?xml version="1.0" encoding="UTF-8"?>
<!-- Generated by org.testng.reporters.JUnitReportReporter -->
<testsuite hostname="LAPTOP-S2V733QP" failures="0" tests="4" name="com.peolentech.automationtrainingcourse.GroupPracticeInTestNG" time="0.001" errors="0" timestamp="2021-04-21T20:33:44 EDT" skipped="0">
  <testcase classname="com.peolentech.automationtrainingcourse.GroupPracticeInTestNG" name="healthloan" time="0.000"/>
  <system-out/>
  <testcase classname="com.peolentech.automationtrainingcourse.GroupPracticeInTestNG" name="Homeloan" time="0.000"/>
  <system-out/>
  <testcase classname="com.peolentech.automationtrainingcourse.GroupPracticeInTestNG" name="Carloan" time="0.001"/>
  <system-out/>
  <testcase classname="com.peolentech.automationtrainingcourse.GroupPracticeInTestNG" name="boatloan" time="0.000"/>
  <system-out/>
</testsuite> <!-- com.peolentech.automationtrainingcourse.GroupPracticeInTestNG -->
