<?xml version="1.0" encoding="UTF-8"?>
<!-- Generated by org.testng.reporters.JUnitReportReporter -->
<testsuite hostname="LAPTOP-S2V733QP" failures="0" tests="2" name="praticePackageforTestNG.PracticeDay1" time="36.515" errors="0" timestamp="2021-04-22T00:12:39 EDT" skipped="0">
  <testcase classname="praticePackageforTestNG.PracticeDay1" name="f" time="18.281"/>
  <system-out/>
  <testcase classname="praticePackageforTestNG.PracticeDay1" name="f" time="18.234"/>
  <system-out/>
</testsuite> <!-- praticePackageforTestNG.PracticeDay1 -->
