<?xml version="1.0" encoding="UTF-8"?>
<!-- Generated by org.testng.reporters.JUnitReportReporter -->
<testsuite hostname="LAPTOP-S2V733QP" failures="0" tests="1" name="praticePackageforTestNG.PracticeDay2" time="0.000" errors="0" timestamp="2021-04-21T20:33:44 EDT" skipped="0">
  <testcase classname="praticePackageforTestNG.PracticeDay2" name="f" time="0.000"/>
  <system-out/>
</testsuite> <!-- praticePackageforTestNG.PracticeDay2 -->
