<?xml version="1.0" encoding="UTF-8"?>
<!-- Generated by org.testng.reporters.JUnitReportReporter -->
<testsuite hostname="LAPTOP-S2V733QP" failures="0" tests="2" name="com.peolentech.automationtrainingcourse.ForAmazon" time="0.008" errors="0" timestamp="2021-04-18T12:14:27 EDT" skipped="0">
  <testcase classname="com.peolentech.automationtrainingcourse.ForAmazon" name="f" time="0.007"/>
  <system-out/>
  <testcase classname="com.peolentech.automationtrainingcourse.ForAmazon" name="my2ndtest" time="0.001"/>
  <system-out/>
</testsuite> <!-- com.peolentech.automationtrainingcourse.ForAmazon -->
