<?xml version="1.0" encoding="UTF-8"?>
<!-- Generated by org.testng.reporters.JUnitReportReporter -->
<testsuite hostname="LAPTOP-S2V733QP" failures="0" tests="2" name="com.peolentech.automationtrainingcourse.ForPriorityPractice" time="0.006" errors="0" timestamp="2021-04-14T20:32:20 EDT" skipped="0">
  <testcase classname="com.peolentech.automationtrainingcourse.ForPriorityPractice" name="carloan" time="0.006"/>
  <system-out/>
  <testcase classname="com.peolentech.automationtrainingcourse.ForPriorityPractice" name="f" time="0.000"/>
  <system-out/>
</testsuite> <!-- com.peolentech.automationtrainingcourse.ForPriorityPractice -->
