<?xml version="1.0" encoding="UTF-8"?>
<!-- Generated by org.testng.reporters.JUnitReportReporter -->
<testsuite hostname="LAPTOP-S2V733QP" failures="0" tests="1" name="TestNGMultipleClassRunPractice.FaceBookAccCreation" time="14.135" errors="0" timestamp="2021-04-20T21:20:15 EDT" skipped="0">
  <testcase classname="TestNGMultipleClassRunPractice.FaceBookAccCreation" name="f" time="14.135"/>
  <system-out/>
</testsuite> <!-- TestNGMultipleClassRunPractice.FaceBookAccCreation -->
